2019-01-27 14:15:49.854 [main] INFO  com.pm.MemberApp - No active profile set, falling back to default profiles: default
2019-01-27 14:15:51.483 [main] WARN  org.springframework.boot.actuate.endpoint.EndpointId - Endpoint ID 'service-registry' contains invalid characters, please migrate to a valid format.
2019-01-27 14:15:53.093 [main] INFO  org.apache.coyote.http11.Http11NioProtocol - Initializing ProtocolHandler ["http-nio-8763"]
2019-01-27 14:15:53.103 [main] INFO  org.apache.catalina.core.StandardService - Starting service [Tomcat]
2019-01-27 14:15:53.113 [main] INFO  org.apache.catalina.core.StandardEngine - Starting Servlet engine: [Apache Tomcat/9.0.14]
2019-01-27 14:15:53.123 [main] INFO  org.apache.catalina.core.AprLifecycleListener - The APR based Apache Tomcat Native library which allows optimal performance in production environments was not found on the java.library.path: [F:\Program Files\Java\jdk1.8.0_191\bin;C:\WINDOWS\Sun\Java\bin;C:\WINDOWS\system32;C:\WINDOWS;C:\Program Files (x86)\Common Files\Oracle\Java\javapath;C:\WINDOWS\system32;C:\WINDOWS;C:\WINDOWS\System32\Wbem;C:\WINDOWS\System32\WindowsPowerShell\v1.0\;C:\WINDOWS\System32\OpenSSH\;C:\Program Files (x86)\AMD\ATI.ACE\Core-Static;F:\Program Files\Git\cmd;F:\Program Files\TortoiseGit\bin;F:\Program Files\Java\jdk1.8.0_191\bin;F:\Program Files\Java\jdk1.8.0_191\jre\bin;F:\apache-maven-3.6.0-bin\apache-maven-3.6.0\bin;C:\Program Files\MySQL\MySQL Server 8.0\bin;C:\Users\PM\AppData\Local\Microsoft\WindowsApps;;.]
2019-01-27 14:15:53.323 [main] INFO  org.apache.catalina.core.ContainerBase.[Tomcat].[localhost].[/] - Initializing Spring embedded WebApplicationContext
2019-01-27 14:15:53.503 [main] WARN  com.netflix.config.sources.URLConfigurationSource - No URLs will be polled as dynamic configuration sources.
2019-01-27 14:15:53.503 [main] INFO  com.netflix.config.sources.URLConfigurationSource - To enable URLs as dynamic configuration sources, define System property archaius.configurationSource.additionalUrls or make config.properties available on classpath.
2019-01-27 14:15:53.513 [main] INFO  com.netflix.config.DynamicPropertyFactory - DynamicPropertyFactory is initialized with configuration sources: com.netflix.config.ConcurrentCompositeConfiguration@36ab3814
2019-01-27 14:15:56.632 [main] WARN  com.netflix.config.sources.URLConfigurationSource - No URLs will be polled as dynamic configuration sources.
2019-01-27 14:15:56.632 [main] INFO  com.netflix.config.sources.URLConfigurationSource - To enable URLs as dynamic configuration sources, define System property archaius.configurationSource.additionalUrls or make config.properties available on classpath.
2019-01-27 14:16:01.294 [main] INFO  com.netflix.discovery.DiscoveryClient - Initializing Eureka in region us-east-1
2019-01-27 14:16:01.997 [main] INFO  com.netflix.discovery.provider.DiscoveryJerseyProvider - Using JSON encoding codec LegacyJacksonJson
2019-01-27 14:16:01.998 [main] INFO  com.netflix.discovery.provider.DiscoveryJerseyProvider - Using JSON decoding codec LegacyJacksonJson
2019-01-27 14:16:02.201 [main] INFO  com.netflix.discovery.provider.DiscoveryJerseyProvider - Using XML encoding codec XStreamXml
2019-01-27 14:16:02.202 [main] INFO  com.netflix.discovery.provider.DiscoveryJerseyProvider - Using XML decoding codec XStreamXml
2019-01-27 14:16:02.583 [main] INFO  com.netflix.discovery.shared.resolver.aws.ConfigClusterResolver - Resolving eureka endpoints via configuration
2019-01-27 14:16:02.980 [main] INFO  com.netflix.discovery.DiscoveryClient - Disable delta property : false
2019-01-27 14:16:02.981 [main] INFO  com.netflix.discovery.DiscoveryClient - Single vip registry refresh property : null
2019-01-27 14:16:02.981 [main] INFO  com.netflix.discovery.DiscoveryClient - Force full registry fetch : false
2019-01-27 14:16:02.981 [main] INFO  com.netflix.discovery.DiscoveryClient - Application is null : false
2019-01-27 14:16:02.981 [main] INFO  com.netflix.discovery.DiscoveryClient - Registered Applications size is zero : true
2019-01-27 14:16:02.981 [main] INFO  com.netflix.discovery.DiscoveryClient - Application version is -1: true
2019-01-27 14:16:02.981 [main] INFO  com.netflix.discovery.DiscoveryClient - Getting all instance registry info from the eureka server
2019-01-27 14:16:03.717 [main] INFO  com.netflix.discovery.DiscoveryClient - The response status is 200
2019-01-27 14:16:03.721 [main] INFO  com.netflix.discovery.DiscoveryClient - Starting heartbeat executor: renew interval is: 30
2019-01-27 14:16:03.725 [main] INFO  com.netflix.discovery.InstanceInfoReplicator - InstanceInfoReplicator onDemand update allowed rate per min is 4
2019-01-27 14:16:03.730 [main] INFO  com.netflix.discovery.DiscoveryClient - Discovery Client initialized at timestamp 1548569763729 with initial instances count: 2
2019-01-27 14:16:03.741 [main] INFO  com.netflix.discovery.DiscoveryClient - Saw local status change event StatusChangeEvent [timestamp=1548569763740, current=UP, previous=STARTING]
2019-01-27 14:16:03.745 [DiscoveryClient-InstanceInfoReplicator-0] INFO  com.netflix.discovery.DiscoveryClient - DiscoveryClient_MEMBER/localhost:member:8763: registering service...
2019-01-27 14:16:03.773 [main] INFO  org.apache.coyote.http11.Http11NioProtocol - Starting ProtocolHandler ["http-nio-8763"]
2019-01-27 14:16:03.824 [main] INFO  com.pm.MemberApp - Started MemberApp in 18.462 seconds (JVM running for 21.077)
2019-01-27 14:16:03.836 [DiscoveryClient-InstanceInfoReplicator-0] INFO  com.netflix.discovery.DiscoveryClient - DiscoveryClient_MEMBER/localhost:member:8763 - registration status: 204
2019-01-27 14:16:04.313 [RMI TCP Connection(3)-127.0.0.1] INFO  org.apache.catalina.core.ContainerBase.[Tomcat].[localhost].[/] - Initializing Spring DispatcherServlet 'dispatcherServlet'
2019-01-27 14:16:04.832 [RMI TCP Connection(2)-127.0.0.1] INFO  org.apache.activemq.broker.BrokerService - Loaded the Bouncy Castle security provider.
2019-01-27 14:16:04.941 [RMI TCP Connection(2)-127.0.0.1] INFO  org.apache.activemq.broker.BrokerService - Using Persistence Adapter: MemoryPersistenceAdapter
2019-01-27 14:16:04.943 [JMX connector] INFO  org.apache.activemq.broker.jmx.ManagementContext - JMX consoles can connect to service:jmx:rmi:///jndi/rmi://localhost:1099/jmxrmi
2019-01-27 14:16:05.159 [RMI TCP Connection(2)-127.0.0.1] INFO  org.apache.activemq.broker.BrokerService - Apache ActiveMQ 5.15.8 (localhost, ID:DESKTOP-HLPKQ3N-50506-1548569764951-0:1) is starting
2019-01-27 14:16:05.169 [RMI TCP Connection(2)-127.0.0.1] INFO  org.apache.activemq.broker.BrokerService - Apache ActiveMQ 5.15.8 (localhost, ID:DESKTOP-HLPKQ3N-50506-1548569764951-0:1) started
2019-01-27 14:16:05.169 [RMI TCP Connection(2)-127.0.0.1] INFO  org.apache.activemq.broker.BrokerService - For help or more information please see: http://activemq.apache.org
2019-01-27 14:16:05.292 [RMI TCP Connection(2)-127.0.0.1] INFO  org.apache.activemq.broker.TransportConnector - Connector vm://localhost started
2019-01-27 14:16:05.397 [RMI TCP Connection(2)-127.0.0.1] ERROR com.alibaba.druid.pool.DruidDataSource - testWhileIdle is true, validationQuery not set
2019-01-27 14:16:05.417 [RMI TCP Connection(2)-127.0.0.1] INFO  com.alibaba.druid.pool.DruidDataSource - {dataSource-1} inited
2019-01-27 14:16:07.571 [RMI TCP Connection(2)-127.0.0.1] INFO  io.lettuce.core.EpollProvider - Starting without optional epoll library
2019-01-27 14:16:07.573 [RMI TCP Connection(2)-127.0.0.1] INFO  io.lettuce.core.KqueueProvider - Starting without optional kqueue library
2019-01-27 14:21:02.984 [AsyncResolver-bootstrap-executor-0] INFO  com.netflix.discovery.shared.resolver.aws.ConfigClusterResolver - Resolving eureka endpoints via configuration
2019-01-27 14:22:54.077 [main] INFO  com.pm.MemberApp - No active profile set, falling back to default profiles: default
2019-01-27 14:22:55.606 [main] WARN  org.springframework.boot.actuate.endpoint.EndpointId - Endpoint ID 'service-registry' contains invalid characters, please migrate to a valid format.
2019-01-27 14:22:56.999 [main] INFO  org.apache.coyote.http11.Http11NioProtocol - Initializing ProtocolHandler ["http-nio-8763"]
2019-01-27 14:22:57.014 [main] INFO  org.apache.catalina.core.StandardService - Starting service [Tomcat]
2019-01-27 14:22:57.015 [main] INFO  org.apache.catalina.core.StandardEngine - Starting Servlet engine: [Apache Tomcat/9.0.14]
2019-01-27 14:22:57.024 [main] INFO  org.apache.catalina.core.AprLifecycleListener - The APR based Apache Tomcat Native library which allows optimal performance in production environments was not found on the java.library.path: [F:\Program Files\Java\jdk1.8.0_191\bin;C:\WINDOWS\Sun\Java\bin;C:\WINDOWS\system32;C:\WINDOWS;C:\Program Files (x86)\Common Files\Oracle\Java\javapath;C:\WINDOWS\system32;C:\WINDOWS;C:\WINDOWS\System32\Wbem;C:\WINDOWS\System32\WindowsPowerShell\v1.0\;C:\WINDOWS\System32\OpenSSH\;C:\Program Files (x86)\AMD\ATI.ACE\Core-Static;F:\Program Files\Git\cmd;F:\Program Files\TortoiseGit\bin;F:\Program Files\Java\jdk1.8.0_191\bin;F:\Program Files\Java\jdk1.8.0_191\jre\bin;F:\apache-maven-3.6.0-bin\apache-maven-3.6.0\bin;C:\Program Files\MySQL\MySQL Server 8.0\bin;C:\Users\PM\AppData\Local\Microsoft\WindowsApps;;.]
2019-01-27 14:22:57.231 [main] INFO  org.apache.catalina.core.ContainerBase.[Tomcat].[localhost].[/] - Initializing Spring embedded WebApplicationContext
2019-01-27 14:22:57.419 [main] WARN  com.netflix.config.sources.URLConfigurationSource - No URLs will be polled as dynamic configuration sources.
2019-01-27 14:22:57.420 [main] INFO  com.netflix.config.sources.URLConfigurationSource - To enable URLs as dynamic configuration sources, define System property archaius.configurationSource.additionalUrls or make config.properties available on classpath.
2019-01-27 14:22:57.435 [main] INFO  com.netflix.config.DynamicPropertyFactory - DynamicPropertyFactory is initialized with configuration sources: com.netflix.config.ConcurrentCompositeConfiguration@ed2f2f6
2019-01-27 14:23:00.470 [main] WARN  com.netflix.config.sources.URLConfigurationSource - No URLs will be polled as dynamic configuration sources.
2019-01-27 14:23:00.470 [main] INFO  com.netflix.config.sources.URLConfigurationSource - To enable URLs as dynamic configuration sources, define System property archaius.configurationSource.additionalUrls or make config.properties available on classpath.
2019-01-27 14:23:04.211 [main] INFO  com.netflix.discovery.DiscoveryClient - Initializing Eureka in region us-east-1
2019-01-27 14:23:04.851 [main] INFO  com.netflix.discovery.provider.DiscoveryJerseyProvider - Using JSON encoding codec LegacyJacksonJson
2019-01-27 14:23:04.851 [main] INFO  com.netflix.discovery.provider.DiscoveryJerseyProvider - Using JSON decoding codec LegacyJacksonJson
2019-01-27 14:23:05.037 [main] INFO  com.netflix.discovery.provider.DiscoveryJerseyProvider - Using XML encoding codec XStreamXml
2019-01-27 14:23:05.037 [main] INFO  com.netflix.discovery.provider.DiscoveryJerseyProvider - Using XML decoding codec XStreamXml
2019-01-27 14:23:05.385 [main] INFO  com.netflix.discovery.shared.resolver.aws.ConfigClusterResolver - Resolving eureka endpoints via configuration
2019-01-27 14:23:05.762 [main] INFO  com.netflix.discovery.DiscoveryClient - Disable delta property : false
2019-01-27 14:23:05.762 [main] INFO  com.netflix.discovery.DiscoveryClient - Single vip registry refresh property : null
2019-01-27 14:23:05.762 [main] INFO  com.netflix.discovery.DiscoveryClient - Force full registry fetch : false
2019-01-27 14:23:05.762 [main] INFO  com.netflix.discovery.DiscoveryClient - Application is null : false
2019-01-27 14:23:05.762 [main] INFO  com.netflix.discovery.DiscoveryClient - Registered Applications size is zero : true
2019-01-27 14:23:05.763 [main] INFO  com.netflix.discovery.DiscoveryClient - Application version is -1: true
2019-01-27 14:23:05.763 [main] INFO  com.netflix.discovery.DiscoveryClient - Getting all instance registry info from the eureka server
2019-01-27 14:23:06.543 [main] INFO  com.netflix.discovery.DiscoveryClient - The response status is 200
2019-01-27 14:23:06.547 [main] INFO  com.netflix.discovery.DiscoveryClient - Starting heartbeat executor: renew interval is: 30
2019-01-27 14:23:06.551 [main] INFO  com.netflix.discovery.InstanceInfoReplicator - InstanceInfoReplicator onDemand update allowed rate per min is 4
2019-01-27 14:23:06.556 [main] INFO  com.netflix.discovery.DiscoveryClient - Discovery Client initialized at timestamp 1548570186555 with initial instances count: 2
2019-01-27 14:23:06.565 [main] INFO  com.netflix.discovery.DiscoveryClient - Saw local status change event StatusChangeEvent [timestamp=1548570186565, current=UP, previous=STARTING]
2019-01-27 14:23:06.569 [DiscoveryClient-InstanceInfoReplicator-0] INFO  com.netflix.discovery.DiscoveryClient - DiscoveryClient_MEMBER/localhost:member:8763: registering service...
2019-01-27 14:23:06.597 [main] INFO  org.apache.coyote.http11.Http11NioProtocol - Starting ProtocolHandler ["http-nio-8763"]
2019-01-27 14:23:06.638 [main] INFO  com.pm.MemberApp - Started MemberApp in 17.635 seconds (JVM running for 19.596)
2019-01-27 14:23:06.660 [DiscoveryClient-InstanceInfoReplicator-0] INFO  com.netflix.discovery.DiscoveryClient - DiscoveryClient_MEMBER/localhost:member:8763 - registration status: 204
2019-01-27 14:23:07.031 [RMI TCP Connection(2)-127.0.0.1] INFO  org.apache.catalina.core.ContainerBase.[Tomcat].[localhost].[/] - Initializing Spring DispatcherServlet 'dispatcherServlet'
2019-01-27 14:23:07.434 [RMI TCP Connection(4)-127.0.0.1] INFO  org.apache.activemq.broker.BrokerService - Loaded the Bouncy Castle security provider.
2019-01-27 14:23:07.518 [RMI TCP Connection(4)-127.0.0.1] INFO  org.apache.activemq.broker.BrokerService - Using Persistence Adapter: MemoryPersistenceAdapter
2019-01-27 14:23:07.539 [JMX connector] INFO  org.apache.activemq.broker.jmx.ManagementContext - JMX consoles can connect to service:jmx:rmi:///jndi/rmi://localhost:1099/jmxrmi
2019-01-27 14:23:07.694 [RMI TCP Connection(4)-127.0.0.1] INFO  org.apache.activemq.broker.BrokerService - Apache ActiveMQ 5.15.8 (localhost, ID:DESKTOP-HLPKQ3N-50615-1548570187535-0:1) is starting
2019-01-27 14:23:07.702 [RMI TCP Connection(4)-127.0.0.1] INFO  org.apache.activemq.broker.BrokerService - Apache ActiveMQ 5.15.8 (localhost, ID:DESKTOP-HLPKQ3N-50615-1548570187535-0:1) started
2019-01-27 14:23:07.703 [RMI TCP Connection(4)-127.0.0.1] INFO  org.apache.activemq.broker.BrokerService - For help or more information please see: http://activemq.apache.org
2019-01-27 14:23:07.756 [RMI TCP Connection(4)-127.0.0.1] INFO  org.apache.activemq.broker.TransportConnector - Connector vm://localhost started
2019-01-27 14:23:07.819 [RMI TCP Connection(4)-127.0.0.1] ERROR com.alibaba.druid.pool.DruidDataSource - testWhileIdle is true, validationQuery not set
2019-01-27 14:23:07.829 [RMI TCP Connection(4)-127.0.0.1] INFO  com.alibaba.druid.pool.DruidDataSource - {dataSource-1} inited
2019-01-27 14:23:09.422 [RMI TCP Connection(4)-127.0.0.1] INFO  io.lettuce.core.EpollProvider - Starting without optional epoll library
2019-01-27 14:23:09.425 [RMI TCP Connection(4)-127.0.0.1] INFO  io.lettuce.core.KqueueProvider - Starting without optional kqueue library
2019-01-27 14:23:26.102 [http-nio-8763-exec-1] INFO  com.pm.common.log.LogAspect - ===============请求内容开始===============
2019-01-27 14:23:26.103 [http-nio-8763-exec-1] INFO  com.pm.common.log.LogAspect - time: 2019-01-27 14:23:26.103
2019-01-27 14:23:26.104 [http-nio-8763-exec-1] INFO  com.pm.common.log.LogAspect - ip: 127.0.0.1
2019-01-27 14:23:26.104 [http-nio-8763-exec-1] INFO  com.pm.common.log.LogAspect - port: 50627
2019-01-27 14:23:26.104 [http-nio-8763-exec-1] INFO  com.pm.common.log.LogAspect - http_method: POST
2019-01-27 14:23:26.110 [http-nio-8763-exec-1] INFO  com.pm.common.log.LogAspect - class_method: com.pm.service.impl.UserServiceImpl.update
2019-01-27 14:23:26.111 [http-nio-8763-exec-1] INFO  com.pm.common.log.LogAspect - ARGS : [com.pm.domain.User@3014ed6d]
2019-01-27 14:23:26.111 [http-nio-8763-exec-1] INFO  com.pm.common.log.LogAspect - ===============请求内容结束===============
2019-01-27 14:23:26.481 [http-nio-8763-exec-1] ERROR org.apache.catalina.core.ContainerBase.[Tomcat].[localhost].[/].[dispatcherServlet] - Servlet.service() for servlet [dispatcherServlet] in context with path [] threw exception [Request processing failed; nested exception is org.springframework.dao.DataIntegrityViolationException: 
### Error updating database.  Cause: java.sql.SQLIntegrityConstraintViolationException: Column 'createTime' cannot be null
### The error may involve com.pm.dao.UserDao.update-Inline
### The error occurred while setting parameters
### SQL: INSERT INTO mb_user  (account,password,username,phone,email,id,createTime,updateTime,isDelete) VALUES ('14274493','Wh!10131034','wanghao','18974898671','14274493@qq.com',null,null,'2019-01-27 14:23:26.115',null)
### Cause: java.sql.SQLIntegrityConstraintViolationException: Column 'createTime' cannot be null
; Column 'createTime' cannot be null; nested exception is java.sql.SQLIntegrityConstraintViolationException: Column 'createTime' cannot be null] with root cause
java.sql.SQLIntegrityConstraintViolationException: Column 'createTime' cannot be null
	at com.mysql.cj.jdbc.exceptions.SQLError.createSQLException(SQLError.java:117)
	at com.mysql.cj.jdbc.exceptions.SQLError.createSQLException(SQLError.java:97)
	at com.mysql.cj.jdbc.exceptions.SQLExceptionsMapping.translateException(SQLExceptionsMapping.java:122)
	at com.mysql.cj.jdbc.ClientPreparedStatement.executeInternal(ClientPreparedStatement.java:974)
	at com.mysql.cj.jdbc.ClientPreparedStatement.execute(ClientPreparedStatement.java:391)
	at com.alibaba.druid.pool.DruidPooledPreparedStatement.execute(DruidPooledPreparedStatement.java:493)
	at org.apache.ibatis.executor.statement.PreparedStatementHandler.update(PreparedStatementHandler.java:46)
	at org.apache.ibatis.executor.statement.RoutingStatementHandler.update(RoutingStatementHandler.java:74)
	at org.apache.ibatis.executor.SimpleExecutor.doUpdate(SimpleExecutor.java:50)
	at org.apache.ibatis.executor.BaseExecutor.update(BaseExecutor.java:117)
	at org.apache.ibatis.executor.CachingExecutor.update(CachingExecutor.java:76)
	at org.apache.ibatis.session.defaults.DefaultSqlSession.update(DefaultSqlSession.java:198)
	at sun.reflect.NativeMethodAccessorImpl.invoke0(Native Method)
	at sun.reflect.NativeMethodAccessorImpl.invoke(NativeMethodAccessorImpl.java:62)
	at sun.reflect.DelegatingMethodAccessorImpl.invoke(DelegatingMethodAccessorImpl.java:43)
	at java.lang.reflect.Method.invoke(Method.java:498)
	at org.mybatis.spring.SqlSessionTemplate$SqlSessionInterceptor.invoke(SqlSessionTemplate.java:434)
	at com.sun.proxy.$Proxy115.update(Unknown Source)
	at org.mybatis.spring.SqlSessionTemplate.update(SqlSessionTemplate.java:295)
	at org.apache.ibatis.binding.MapperMethod.execute(MapperMethod.java:59)
	at org.apache.ibatis.binding.MapperProxy.invoke(MapperProxy.java:53)
	at com.sun.proxy.$Proxy120.update(Unknown Source)
	at com.pm.service.impl.UserServiceImpl.update(UserServiceImpl.java:74)
	at com.pm.service.impl.UserServiceImpl$$FastClassBySpringCGLIB$$62f7139.invoke(<generated>)
	at org.springframework.cglib.proxy.MethodProxy.invoke(MethodProxy.java:218)
	at org.springframework.aop.framework.CglibAopProxy$CglibMethodInvocation.invokeJoinpoint(CglibAopProxy.java:749)
	at org.springframework.aop.framework.ReflectiveMethodInvocation.proceed(ReflectiveMethodInvocation.java:163)
	at org.springframework.aop.framework.adapter.MethodBeforeAdviceInterceptor.invoke(MethodBeforeAdviceInterceptor.java:56)
	at org.springframework.aop.framework.ReflectiveMethodInvocation.proceed(ReflectiveMethodInvocation.java:186)
	at org.springframework.aop.framework.adapter.AfterReturningAdviceInterceptor.invoke(AfterReturningAdviceInterceptor.java:55)
	at org.springframework.aop.framework.ReflectiveMethodInvocation.proceed(ReflectiveMethodInvocation.java:186)
	at org.springframework.aop.interceptor.ExposeInvocationInterceptor.invoke(ExposeInvocationInterceptor.java:93)
	at org.springframework.aop.framework.ReflectiveMethodInvocation.proceed(ReflectiveMethodInvocation.java:186)
	at org.springframework.aop.framework.CglibAopProxy$DynamicAdvisedInterceptor.intercept(CglibAopProxy.java:688)
	at com.pm.service.impl.UserServiceImpl$$EnhancerBySpringCGLIB$$26f7eca6.update(<generated>)
	at sun.reflect.NativeMethodAccessorImpl.invoke0(Native Method)
	at sun.reflect.NativeMethodAccessorImpl.invoke(NativeMethodAccessorImpl.java:62)
	at sun.reflect.DelegatingMethodAccessorImpl.invoke(DelegatingMethodAccessorImpl.java:43)
	at java.lang.reflect.Method.invoke(Method.java:498)
	at org.springframework.web.method.support.InvocableHandlerMethod.doInvoke(InvocableHandlerMethod.java:189)
	at org.springframework.web.method.support.InvocableHandlerMethod.invokeForRequest(InvocableHandlerMethod.java:138)
	at org.springframework.web.servlet.mvc.method.annotation.ServletInvocableHandlerMethod.invokeAndHandle(ServletInvocableHandlerMethod.java:102)
	at org.springframework.web.servlet.mvc.method.annotation.RequestMappingHandlerAdapter.invokeHandlerMethod(RequestMappingHandlerAdapter.java:895)
	at org.springframework.web.servlet.mvc.method.annotation.RequestMappingHandlerAdapter.handleInternal(RequestMappingHandlerAdapter.java:800)
	at org.springframework.web.servlet.mvc.method.AbstractHandlerMethodAdapter.handle(AbstractHandlerMethodAdapter.java:87)
	at org.springframework.web.servlet.DispatcherServlet.doDispatch(DispatcherServlet.java:1038)
	at org.springframework.web.servlet.DispatcherServlet.doService(DispatcherServlet.java:942)
	at org.springframework.web.servlet.FrameworkServlet.processRequest(FrameworkServlet.java:1005)
	at org.springframework.web.servlet.FrameworkServlet.doPost(FrameworkServlet.java:908)
	at javax.servlet.http.HttpServlet.service(HttpServlet.java:660)
	at org.springframework.web.servlet.FrameworkServlet.service(FrameworkServlet.java:882)
	at javax.servlet.http.HttpServlet.service(HttpServlet.java:741)
	at org.apache.catalina.core.ApplicationFilterChain.internalDoFilter(ApplicationFilterChain.java:231)
	at org.apache.catalina.core.ApplicationFilterChain.doFilter(ApplicationFilterChain.java:166)
	at org.apache.tomcat.websocket.server.WsFilter.doFilter(WsFilter.java:53)
	at org.apache.catalina.core.ApplicationFilterChain.internalDoFilter(ApplicationFilterChain.java:193)
	at org.apache.catalina.core.ApplicationFilterChain.doFilter(ApplicationFilterChain.java:166)
	at org.springframework.boot.actuate.web.trace.servlet.HttpTraceFilter.doFilterInternal(HttpTraceFilter.java:90)
	at org.springframework.web.filter.OncePerRequestFilter.doFilter(OncePerRequestFilter.java:107)
	at org.apache.catalina.core.ApplicationFilterChain.internalDoFilter(ApplicationFilterChain.java:193)
	at org.apache.catalina.core.ApplicationFilterChain.doFilter(ApplicationFilterChain.java:166)
	at org.springframework.web.filter.RequestContextFilter.doFilterInternal(RequestContextFilter.java:99)
	at org.springframework.web.filter.OncePerRequestFilter.doFilter(OncePerRequestFilter.java:107)
	at org.apache.catalina.core.ApplicationFilterChain.internalDoFilter(ApplicationFilterChain.java:193)
	at org.apache.catalina.core.ApplicationFilterChain.doFilter(ApplicationFilterChain.java:166)
	at org.springframework.web.filter.FormContentFilter.doFilterInternal(FormContentFilter.java:92)
	at org.springframework.web.filter.OncePerRequestFilter.doFilter(OncePerRequestFilter.java:107)
	at org.apache.catalina.core.ApplicationFilterChain.internalDoFilter(ApplicationFilterChain.java:193)
	at org.apache.catalina.core.ApplicationFilterChain.doFilter(ApplicationFilterChain.java:166)
	at org.springframework.web.filter.HiddenHttpMethodFilter.doFilterInternal(HiddenHttpMethodFilter.java:93)
	at org.springframework.web.filter.OncePerRequestFilter.doFilter(OncePerRequestFilter.java:107)
	at org.apache.catalina.core.ApplicationFilterChain.internalDoFilter(ApplicationFilterChain.java:193)
	at org.apache.catalina.core.ApplicationFilterChain.doFilter(ApplicationFilterChain.java:166)
	at org.springframework.boot.actuate.metrics.web.servlet.WebMvcMetricsFilter.filterAndRecordMetrics(WebMvcMetricsFilter.java:117)
	at org.springframework.boot.actuate.metrics.web.servlet.WebMvcMetricsFilter.doFilterInternal(WebMvcMetricsFilter.java:106)
	at org.springframework.web.filter.OncePerRequestFilter.doFilter(OncePerRequestFilter.java:107)
	at org.apache.catalina.core.ApplicationFilterChain.internalDoFilter(ApplicationFilterChain.java:193)
	at org.apache.catalina.core.ApplicationFilterChain.doFilter(ApplicationFilterChain.java:166)
	at org.springframework.web.filter.CharacterEncodingFilter.doFilterInternal(CharacterEncodingFilter.java:200)
	at org.springframework.web.filter.OncePerRequestFilter.doFilter(OncePerRequestFilter.java:107)
	at org.apache.catalina.core.ApplicationFilterChain.internalDoFilter(ApplicationFilterChain.java:193)
	at org.apache.catalina.core.ApplicationFilterChain.doFilter(ApplicationFilterChain.java:166)
	at org.apache.catalina.core.StandardWrapperValve.invoke(StandardWrapperValve.java:199)
	at org.apache.catalina.core.StandardContextValve.invoke(StandardContextValve.java:96)
	at org.apache.catalina.authenticator.AuthenticatorBase.invoke(AuthenticatorBase.java:490)
	at org.apache.catalina.core.StandardHostValve.invoke(StandardHostValve.java:139)
	at org.apache.catalina.valves.ErrorReportValve.invoke(ErrorReportValve.java:92)
	at org.apache.catalina.core.StandardEngineValve.invoke(StandardEngineValve.java:74)
	at org.apache.catalina.connector.CoyoteAdapter.service(CoyoteAdapter.java:343)
	at org.apache.coyote.http11.Http11Processor.service(Http11Processor.java:408)
	at org.apache.coyote.AbstractProcessorLight.process(AbstractProcessorLight.java:66)
	at org.apache.coyote.AbstractProtocol$ConnectionHandler.process(AbstractProtocol.java:834)
	at org.apache.tomcat.util.net.NioEndpoint$SocketProcessor.doRun(NioEndpoint.java:1417)
	at org.apache.tomcat.util.net.SocketProcessorBase.run(SocketProcessorBase.java:49)
	at java.util.concurrent.ThreadPoolExecutor.runWorker(ThreadPoolExecutor.java:1149)
	at java.util.concurrent.ThreadPoolExecutor$Worker.run(ThreadPoolExecutor.java:624)
	at org.apache.tomcat.util.threads.TaskThread$WrappingRunnable.run(TaskThread.java:61)
	at java.lang.Thread.run(Thread.java:748)
2019-01-27 14:28:05.766 [AsyncResolver-bootstrap-executor-0] INFO  com.netflix.discovery.shared.resolver.aws.ConfigClusterResolver - Resolving eureka endpoints via configuration
2019-01-27 14:33:05.768 [AsyncResolver-bootstrap-executor-0] INFO  com.netflix.discovery.shared.resolver.aws.ConfigClusterResolver - Resolving eureka endpoints via configuration
2019-01-27 14:35:28.964 [main] INFO  com.pm.MemberApp - No active profile set, falling back to default profiles: default
2019-01-27 14:35:30.573 [main] WARN  org.springframework.boot.actuate.endpoint.EndpointId - Endpoint ID 'service-registry' contains invalid characters, please migrate to a valid format.
2019-01-27 14:35:32.048 [main] INFO  org.apache.coyote.http11.Http11NioProtocol - Initializing ProtocolHandler ["http-nio-8763"]
2019-01-27 14:35:32.064 [main] INFO  org.apache.catalina.core.StandardService - Starting service [Tomcat]
2019-01-27 14:35:32.065 [main] INFO  org.apache.catalina.core.StandardEngine - Starting Servlet engine: [Apache Tomcat/9.0.14]
2019-01-27 14:35:32.075 [main] INFO  org.apache.catalina.core.AprLifecycleListener - The APR based Apache Tomcat Native library which allows optimal performance in production environments was not found on the java.library.path: [F:\Program Files\Java\jdk1.8.0_191\bin;C:\WINDOWS\Sun\Java\bin;C:\WINDOWS\system32;C:\WINDOWS;C:\Program Files (x86)\Common Files\Oracle\Java\javapath;C:\WINDOWS\system32;C:\WINDOWS;C:\WINDOWS\System32\Wbem;C:\WINDOWS\System32\WindowsPowerShell\v1.0\;C:\WINDOWS\System32\OpenSSH\;C:\Program Files (x86)\AMD\ATI.ACE\Core-Static;F:\Program Files\Git\cmd;F:\Program Files\TortoiseGit\bin;F:\Program Files\Java\jdk1.8.0_191\bin;F:\Program Files\Java\jdk1.8.0_191\jre\bin;F:\apache-maven-3.6.0-bin\apache-maven-3.6.0\bin;C:\Program Files\MySQL\MySQL Server 8.0\bin;C:\Users\PM\AppData\Local\Microsoft\WindowsApps;;.]
2019-01-27 14:35:32.302 [main] INFO  org.apache.catalina.core.ContainerBase.[Tomcat].[localhost].[/] - Initializing Spring embedded WebApplicationContext
2019-01-27 14:35:32.495 [main] WARN  com.netflix.config.sources.URLConfigurationSource - No URLs will be polled as dynamic configuration sources.
2019-01-27 14:35:32.495 [main] INFO  com.netflix.config.sources.URLConfigurationSource - To enable URLs as dynamic configuration sources, define System property archaius.configurationSource.additionalUrls or make config.properties available on classpath.
2019-01-27 14:35:32.516 [main] INFO  com.netflix.config.DynamicPropertyFactory - DynamicPropertyFactory is initialized with configuration sources: com.netflix.config.ConcurrentCompositeConfiguration@2582b0ef
2019-01-27 14:35:34.668 [main] WARN  com.netflix.config.sources.URLConfigurationSource - No URLs will be polled as dynamic configuration sources.
2019-01-27 14:35:34.669 [main] INFO  com.netflix.config.sources.URLConfigurationSource - To enable URLs as dynamic configuration sources, define System property archaius.configurationSource.additionalUrls or make config.properties available on classpath.
2019-01-27 14:35:37.567 [main] INFO  com.netflix.discovery.DiscoveryClient - Initializing Eureka in region us-east-1
2019-01-27 14:35:38.221 [main] INFO  com.netflix.discovery.provider.DiscoveryJerseyProvider - Using JSON encoding codec LegacyJacksonJson
2019-01-27 14:35:38.221 [main] INFO  com.netflix.discovery.provider.DiscoveryJerseyProvider - Using JSON decoding codec LegacyJacksonJson
2019-01-27 14:35:38.413 [main] INFO  com.netflix.discovery.provider.DiscoveryJerseyProvider - Using XML encoding codec XStreamXml
2019-01-27 14:35:38.413 [main] INFO  com.netflix.discovery.provider.DiscoveryJerseyProvider - Using XML decoding codec XStreamXml
2019-01-27 14:35:38.761 [main] INFO  com.netflix.discovery.shared.resolver.aws.ConfigClusterResolver - Resolving eureka endpoints via configuration
2019-01-27 14:35:39.158 [main] INFO  com.netflix.discovery.DiscoveryClient - Disable delta property : false
2019-01-27 14:35:39.158 [main] INFO  com.netflix.discovery.DiscoveryClient - Single vip registry refresh property : null
2019-01-27 14:35:39.158 [main] INFO  com.netflix.discovery.DiscoveryClient - Force full registry fetch : false
2019-01-27 14:35:39.158 [main] INFO  com.netflix.discovery.DiscoveryClient - Application is null : false
2019-01-27 14:35:39.158 [main] INFO  com.netflix.discovery.DiscoveryClient - Registered Applications size is zero : true
2019-01-27 14:35:39.158 [main] INFO  com.netflix.discovery.DiscoveryClient - Application version is -1: true
2019-01-27 14:35:39.158 [main] INFO  com.netflix.discovery.DiscoveryClient - Getting all instance registry info from the eureka server
2019-01-27 14:35:39.947 [main] INFO  com.netflix.discovery.DiscoveryClient - The response status is 200
2019-01-27 14:35:39.951 [main] INFO  com.netflix.discovery.DiscoveryClient - Starting heartbeat executor: renew interval is: 30
2019-01-27 14:35:39.955 [main] INFO  com.netflix.discovery.InstanceInfoReplicator - InstanceInfoReplicator onDemand update allowed rate per min is 4
2019-01-27 14:35:39.960 [main] INFO  com.netflix.discovery.DiscoveryClient - Discovery Client initialized at timestamp 1548570939959 with initial instances count: 2
2019-01-27 14:35:39.970 [main] INFO  com.netflix.discovery.DiscoveryClient - Saw local status change event StatusChangeEvent [timestamp=1548570939970, current=UP, previous=STARTING]
2019-01-27 14:35:39.974 [DiscoveryClient-InstanceInfoReplicator-0] INFO  com.netflix.discovery.DiscoveryClient - DiscoveryClient_MEMBER/DESKTOP-HLPKQ3N:member:8763: registering service...
2019-01-27 14:35:40.007 [main] INFO  org.apache.coyote.http11.Http11NioProtocol - Starting ProtocolHandler ["http-nio-8763"]
2019-01-27 14:35:40.049 [main] INFO  com.pm.MemberApp - Started MemberApp in 14.759 seconds (JVM running for 17.741)
2019-01-27 14:35:40.088 [DiscoveryClient-InstanceInfoReplicator-0] INFO  com.netflix.discovery.DiscoveryClient - DiscoveryClient_MEMBER/DESKTOP-HLPKQ3N:member:8763 - registration status: 204
2019-01-27 14:35:40.497 [RMI TCP Connection(6)-127.0.0.1] INFO  org.apache.catalina.core.ContainerBase.[Tomcat].[localhost].[/] - Initializing Spring DispatcherServlet 'dispatcherServlet'
2019-01-27 14:35:40.914 [RMI TCP Connection(4)-127.0.0.1] INFO  org.apache.activemq.broker.BrokerService - Loaded the Bouncy Castle security provider.
2019-01-27 14:35:40.978 [JMX connector] INFO  org.apache.activemq.broker.jmx.ManagementContext - JMX consoles can connect to service:jmx:rmi:///jndi/rmi://localhost:1099/jmxrmi
2019-01-27 14:35:40.979 [RMI TCP Connection(4)-127.0.0.1] INFO  org.apache.activemq.broker.BrokerService - Using Persistence Adapter: MemoryPersistenceAdapter
2019-01-27 14:35:41.272 [RMI TCP Connection(4)-127.0.0.1] INFO  org.apache.activemq.broker.BrokerService - Apache ActiveMQ 5.15.8 (localhost, ID:DESKTOP-HLPKQ3N-50720-1548570940988-0:1) is starting
2019-01-27 14:35:41.282 [RMI TCP Connection(4)-127.0.0.1] INFO  org.apache.activemq.broker.BrokerService - Apache ActiveMQ 5.15.8 (localhost, ID:DESKTOP-HLPKQ3N-50720-1548570940988-0:1) started
2019-01-27 14:35:41.283 [RMI TCP Connection(4)-127.0.0.1] INFO  org.apache.activemq.broker.BrokerService - For help or more information please see: http://activemq.apache.org
2019-01-27 14:35:41.326 [RMI TCP Connection(4)-127.0.0.1] INFO  org.apache.activemq.broker.TransportConnector - Connector vm://localhost started
2019-01-27 14:35:41.387 [RMI TCP Connection(4)-127.0.0.1] ERROR com.alibaba.druid.pool.DruidDataSource - testWhileIdle is true, validationQuery not set
2019-01-27 14:35:41.398 [RMI TCP Connection(4)-127.0.0.1] INFO  com.alibaba.druid.pool.DruidDataSource - {dataSource-1} inited
2019-01-27 14:35:43.046 [RMI TCP Connection(4)-127.0.0.1] INFO  io.lettuce.core.EpollProvider - Starting without optional epoll library
2019-01-27 14:35:43.049 [RMI TCP Connection(4)-127.0.0.1] INFO  io.lettuce.core.KqueueProvider - Starting without optional kqueue library
2019-01-27 14:35:57.664 [http-nio-8763-exec-1] WARN  org.springframework.web.servlet.mvc.support.DefaultHandlerExceptionResolver - Resolved [org.springframework.web.HttpRequestMethodNotSupportedException: Request method 'POST' not supported]
2019-01-27 14:36:10.371 [http-nio-8763-exec-2] INFO  com.pm.common.log.LogAspect - ===============请求内容开始===============
2019-01-27 14:36:10.372 [http-nio-8763-exec-2] INFO  com.pm.common.log.LogAspect - time: 2019-01-27 14:36:10.372
2019-01-27 14:36:10.375 [http-nio-8763-exec-2] INFO  com.pm.common.log.LogAspect - ip: 127.0.0.1
2019-01-27 14:36:10.375 [http-nio-8763-exec-2] INFO  com.pm.common.log.LogAspect - port: 50733
2019-01-27 14:36:10.375 [http-nio-8763-exec-2] INFO  com.pm.common.log.LogAspect - http_method: GET
2019-01-27 14:36:10.378 [http-nio-8763-exec-2] INFO  com.pm.common.log.LogAspect - class_method: com.pm.service.impl.UserServiceImpl.findAll
2019-01-27 14:36:10.378 [http-nio-8763-exec-2] INFO  com.pm.common.log.LogAspect - ARGS : []
2019-01-27 14:36:10.378 [http-nio-8763-exec-2] INFO  com.pm.common.log.LogAspect - ===============请求内容结束===============
2019-01-27 14:36:10.502 [http-nio-8763-exec-2] INFO  com.pm.common.log.LogAspect - ===============返回结果开始===============
2019-01-27 14:36:10.502 [http-nio-8763-exec-2] INFO  com.pm.common.log.LogAspect - time: 2019-01-27 14:36:10.502
2019-01-27 14:36:10.502 [http-nio-8763-exec-2] INFO  com.pm.common.log.LogAspect - class_method: com.pm.service.impl.UserServiceImpl.findAll
2019-01-27 14:36:10.502 [http-nio-8763-exec-2] INFO  com.pm.common.log.LogAspect - result: {code=200, data=[com.pm.domain.User@9d3a7c3], message=操作成功！}
2019-01-27 14:36:10.503 [http-nio-8763-exec-2] INFO  com.pm.common.log.LogAspect - ===============返回结果结束===============
2019-01-27 14:36:55.234 [http-nio-8763-exec-3] INFO  com.pm.common.log.LogAspect - ===============请求内容开始===============
2019-01-27 14:36:55.235 [http-nio-8763-exec-3] INFO  com.pm.common.log.LogAspect - time: 2019-01-27 14:36:55.235
2019-01-27 14:36:55.235 [http-nio-8763-exec-3] INFO  com.pm.common.log.LogAspect - ip: 127.0.0.1
2019-01-27 14:36:55.235 [http-nio-8763-exec-3] INFO  com.pm.common.log.LogAspect - port: 50733
2019-01-27 14:36:55.235 [http-nio-8763-exec-3] INFO  com.pm.common.log.LogAspect - http_method: POST
2019-01-27 14:36:55.235 [http-nio-8763-exec-3] INFO  com.pm.common.log.LogAspect - class_method: com.pm.service.impl.UserServiceImpl.update
2019-01-27 14:36:55.235 [http-nio-8763-exec-3] INFO  com.pm.common.log.LogAspect - ARGS : [com.pm.domain.User@4ac5652d]
2019-01-27 14:36:55.235 [http-nio-8763-exec-3] INFO  com.pm.common.log.LogAspect - ===============请求内容结束===============
2019-01-27 14:36:55.415 [http-nio-8763-exec-3] ERROR org.apache.catalina.core.ContainerBase.[Tomcat].[localhost].[/].[dispatcherServlet] - Servlet.service() for servlet [dispatcherServlet] in context with path [] threw exception [Request processing failed; nested exception is org.springframework.dao.DuplicateKeyException: 
### Error updating database.  Cause: java.sql.SQLIntegrityConstraintViolationException: Duplicate entry '37' for key 'PRIMARY'
### The error may involve com.pm.dao.UserDao.update-Inline
### The error occurred while setting parameters
### SQL: INSERT INTO mb_user  (account,password,username,phone,email,id,createTime,updateTime,isDelete) VALUES ('14274493','Wh!10131034','wanghao','18974898671','14274493@qq.com',37,'2019-01-27 11:17:30.0','2019-01-27 14:36:55.235',null)
### Cause: java.sql.SQLIntegrityConstraintViolationException: Duplicate entry '37' for key 'PRIMARY'
; Duplicate entry '37' for key 'PRIMARY'; nested exception is java.sql.SQLIntegrityConstraintViolationException: Duplicate entry '37' for key 'PRIMARY'] with root cause
java.sql.SQLIntegrityConstraintViolationException: Duplicate entry '37' for key 'PRIMARY'
	at com.mysql.cj.jdbc.exceptions.SQLError.createSQLException(SQLError.java:117)
	at com.mysql.cj.jdbc.exceptions.SQLError.createSQLException(SQLError.java:97)
	at com.mysql.cj.jdbc.exceptions.SQLExceptionsMapping.translateException(SQLExceptionsMapping.java:122)
	at com.mysql.cj.jdbc.ClientPreparedStatement.executeInternal(ClientPreparedStatement.java:974)
	at com.mysql.cj.jdbc.ClientPreparedStatement.execute(ClientPreparedStatement.java:391)
	at com.alibaba.druid.pool.DruidPooledPreparedStatement.execute(DruidPooledPreparedStatement.java:493)
	at org.apache.ibatis.executor.statement.PreparedStatementHandler.update(PreparedStatementHandler.java:46)
	at org.apache.ibatis.executor.statement.RoutingStatementHandler.update(RoutingStatementHandler.java:74)
	at org.apache.ibatis.executor.SimpleExecutor.doUpdate(SimpleExecutor.java:50)
	at org.apache.ibatis.executor.BaseExecutor.update(BaseExecutor.java:117)
	at org.apache.ibatis.executor.CachingExecutor.update(CachingExecutor.java:76)
	at org.apache.ibatis.session.defaults.DefaultSqlSession.update(DefaultSqlSession.java:198)
	at sun.reflect.NativeMethodAccessorImpl.invoke0(Native Method)
	at sun.reflect.NativeMethodAccessorImpl.invoke(NativeMethodAccessorImpl.java:62)
	at sun.reflect.DelegatingMethodAccessorImpl.invoke(DelegatingMethodAccessorImpl.java:43)
	at java.lang.reflect.Method.invoke(Method.java:498)
	at org.mybatis.spring.SqlSessionTemplate$SqlSessionInterceptor.invoke(SqlSessionTemplate.java:434)
	at com.sun.proxy.$Proxy115.update(Unknown Source)
	at org.mybatis.spring.SqlSessionTemplate.update(SqlSessionTemplate.java:295)
	at org.apache.ibatis.binding.MapperMethod.execute(MapperMethod.java:59)
	at org.apache.ibatis.binding.MapperProxy.invoke(MapperProxy.java:53)
	at com.sun.proxy.$Proxy120.update(Unknown Source)
	at com.pm.service.impl.UserServiceImpl.update(UserServiceImpl.java:75)
	at com.pm.service.impl.UserServiceImpl$$FastClassBySpringCGLIB$$62f7139.invoke(<generated>)
	at org.springframework.cglib.proxy.MethodProxy.invoke(MethodProxy.java:218)
	at org.springframework.aop.framework.CglibAopProxy$CglibMethodInvocation.invokeJoinpoint(CglibAopProxy.java:749)
	at org.springframework.aop.framework.ReflectiveMethodInvocation.proceed(ReflectiveMethodInvocation.java:163)
	at org.springframework.aop.framework.adapter.MethodBeforeAdviceInterceptor.invoke(MethodBeforeAdviceInterceptor.java:56)
	at org.springframework.aop.framework.ReflectiveMethodInvocation.proceed(ReflectiveMethodInvocation.java:186)
	at org.springframework.aop.framework.adapter.AfterReturningAdviceInterceptor.invoke(AfterReturningAdviceInterceptor.java:55)
	at org.springframework.aop.framework.ReflectiveMethodInvocation.proceed(ReflectiveMethodInvocation.java:186)
	at org.springframework.aop.interceptor.ExposeInvocationInterceptor.invoke(ExposeInvocationInterceptor.java:93)
	at org.springframework.aop.framework.ReflectiveMethodInvocation.proceed(ReflectiveMethodInvocation.java:186)
	at org.springframework.aop.framework.CglibAopProxy$DynamicAdvisedInterceptor.intercept(CglibAopProxy.java:688)
	at com.pm.service.impl.UserServiceImpl$$EnhancerBySpringCGLIB$$36cc355d.update(<generated>)
	at sun.reflect.NativeMethodAccessorImpl.invoke0(Native Method)
	at sun.reflect.NativeMethodAccessorImpl.invoke(NativeMethodAccessorImpl.java:62)
	at sun.reflect.DelegatingMethodAccessorImpl.invoke(DelegatingMethodAccessorImpl.java:43)
	at java.lang.reflect.Method.invoke(Method.java:498)
	at org.springframework.web.method.support.InvocableHandlerMethod.doInvoke(InvocableHandlerMethod.java:189)
	at org.springframework.web.method.support.InvocableHandlerMethod.invokeForRequest(InvocableHandlerMethod.java:138)
	at org.springframework.web.servlet.mvc.method.annotation.ServletInvocableHandlerMethod.invokeAndHandle(ServletInvocableHandlerMethod.java:102)
	at org.springframework.web.servlet.mvc.method.annotation.RequestMappingHandlerAdapter.invokeHandlerMethod(RequestMappingHandlerAdapter.java:895)
	at org.springframework.web.servlet.mvc.method.annotation.RequestMappingHandlerAdapter.handleInternal(RequestMappingHandlerAdapter.java:800)
	at org.springframework.web.servlet.mvc.method.AbstractHandlerMethodAdapter.handle(AbstractHandlerMethodAdapter.java:87)
	at org.springframework.web.servlet.DispatcherServlet.doDispatch(DispatcherServlet.java:1038)
	at org.springframework.web.servlet.DispatcherServlet.doService(DispatcherServlet.java:942)
	at org.springframework.web.servlet.FrameworkServlet.processRequest(FrameworkServlet.java:1005)
	at org.springframework.web.servlet.FrameworkServlet.doPost(FrameworkServlet.java:908)
	at javax.servlet.http.HttpServlet.service(HttpServlet.java:660)
	at org.springframework.web.servlet.FrameworkServlet.service(FrameworkServlet.java:882)
	at javax.servlet.http.HttpServlet.service(HttpServlet.java:741)
	at org.apache.catalina.core.ApplicationFilterChain.internalDoFilter(ApplicationFilterChain.java:231)
	at org.apache.catalina.core.ApplicationFilterChain.doFilter(ApplicationFilterChain.java:166)
	at org.apache.tomcat.websocket.server.WsFilter.doFilter(WsFilter.java:53)
	at org.apache.catalina.core.ApplicationFilterChain.internalDoFilter(ApplicationFilterChain.java:193)
	at org.apache.catalina.core.ApplicationFilterChain.doFilter(ApplicationFilterChain.java:166)
	at org.springframework.boot.actuate.web.trace.servlet.HttpTraceFilter.doFilterInternal(HttpTraceFilter.java:90)
	at org.springframework.web.filter.OncePerRequestFilter.doFilter(OncePerRequestFilter.java:107)
	at org.apache.catalina.core.ApplicationFilterChain.internalDoFilter(ApplicationFilterChain.java:193)
	at org.apache.catalina.core.ApplicationFilterChain.doFilter(ApplicationFilterChain.java:166)
	at org.springframework.web.filter.RequestContextFilter.doFilterInternal(RequestContextFilter.java:99)
	at org.springframework.web.filter.OncePerRequestFilter.doFilter(OncePerRequestFilter.java:107)
	at org.apache.catalina.core.ApplicationFilterChain.internalDoFilter(ApplicationFilterChain.java:193)
	at org.apache.catalina.core.ApplicationFilterChain.doFilter(ApplicationFilterChain.java:166)
	at org.springframework.web.filter.FormContentFilter.doFilterInternal(FormContentFilter.java:92)
	at org.springframework.web.filter.OncePerRequestFilter.doFilter(OncePerRequestFilter.java:107)
	at org.apache.catalina.core.ApplicationFilterChain.internalDoFilter(ApplicationFilterChain.java:193)
	at org.apache.catalina.core.ApplicationFilterChain.doFilter(ApplicationFilterChain.java:166)
	at org.springframework.web.filter.HiddenHttpMethodFilter.doFilterInternal(HiddenHttpMethodFilter.java:93)
	at org.springframework.web.filter.OncePerRequestFilter.doFilter(OncePerRequestFilter.java:107)
	at org.apache.catalina.core.ApplicationFilterChain.internalDoFilter(ApplicationFilterChain.java:193)
	at org.apache.catalina.core.ApplicationFilterChain.doFilter(ApplicationFilterChain.java:166)
	at org.springframework.boot.actuate.metrics.web.servlet.WebMvcMetricsFilter.filterAndRecordMetrics(WebMvcMetricsFilter.java:117)
	at org.springframework.boot.actuate.metrics.web.servlet.WebMvcMetricsFilter.doFilterInternal(WebMvcMetricsFilter.java:106)
	at org.springframework.web.filter.OncePerRequestFilter.doFilter(OncePerRequestFilter.java:107)
	at org.apache.catalina.core.ApplicationFilterChain.internalDoFilter(ApplicationFilterChain.java:193)
	at org.apache.catalina.core.ApplicationFilterChain.doFilter(ApplicationFilterChain.java:166)
	at org.springframework.web.filter.CharacterEncodingFilter.doFilterInternal(CharacterEncodingFilter.java:200)
	at org.springframework.web.filter.OncePerRequestFilter.doFilter(OncePerRequestFilter.java:107)
	at org.apache.catalina.core.ApplicationFilterChain.internalDoFilter(ApplicationFilterChain.java:193)
	at org.apache.catalina.core.ApplicationFilterChain.doFilter(ApplicationFilterChain.java:166)
	at org.apache.catalina.core.StandardWrapperValve.invoke(StandardWrapperValve.java:199)
	at org.apache.catalina.core.StandardContextValve.invoke(StandardContextValve.java:96)
	at org.apache.catalina.authenticator.AuthenticatorBase.invoke(AuthenticatorBase.java:490)
	at org.apache.catalina.core.StandardHostValve.invoke(StandardHostValve.java:139)
	at org.apache.catalina.valves.ErrorReportValve.invoke(ErrorReportValve.java:92)
	at org.apache.catalina.core.StandardEngineValve.invoke(StandardEngineValve.java:74)
	at org.apache.catalina.connector.CoyoteAdapter.service(CoyoteAdapter.java:343)
	at org.apache.coyote.http11.Http11Processor.service(Http11Processor.java:408)
	at org.apache.coyote.AbstractProcessorLight.process(AbstractProcessorLight.java:66)
	at org.apache.coyote.AbstractProtocol$ConnectionHandler.process(AbstractProtocol.java:834)
	at org.apache.tomcat.util.net.NioEndpoint$SocketProcessor.doRun(NioEndpoint.java:1417)
	at org.apache.tomcat.util.net.SocketProcessorBase.run(SocketProcessorBase.java:49)
	at java.util.concurrent.ThreadPoolExecutor.runWorker(ThreadPoolExecutor.java:1149)
	at java.util.concurrent.ThreadPoolExecutor$Worker.run(ThreadPoolExecutor.java:624)
	at org.apache.tomcat.util.threads.TaskThread$WrappingRunnable.run(TaskThread.java:61)
	at java.lang.Thread.run(Thread.java:748)
